<?xml version="1.0" encoding="UTF-8"?>
<testng-results ignored="0" total="1" passed="1" failed="0" skipped="0">
  <reporter-output>
  </reporter-output>
  <suite started-at="2018-10-31T10:53:51Z" name="Test Suite TestNG" finished-at="2018-10-31T10:54:06Z" duration-ms="14800">
    <groups>
    </groups>
    <test started-at="2018-10-31T10:53:51Z" name="ToolsQA" finished-at="2018-10-31T10:54:06Z" duration-ms="14800">
      <class name="automationFramework.TestNGParameters">
        <test-method signature="test(java.lang.String, java.lang.String)[pri:0, instance:automationFramework.TestNGParameters@59505b48]" started-at="2018-10-31T10:53:51Z" name="test" finished-at="2018-10-31T10:54:06Z" duration-ms="14777" status="PASS">
          <params>
            <param index="0">
              <value>
                <![CDATA[testuser_1]]>
              </value>
            </param>
            <param index="1">
              <value>
                <![CDATA[Test@123]]>
              </value>
            </param>
          </params>
          <reporter-output>
          </reporter-output>
        </test-method> <!-- test -->
      </class> <!-- automationFramework.TestNGParameters -->
    </test> <!-- ToolsQA -->
  </suite> <!-- Test Suite TestNG -->
</testng-results>
