<?xml version="1.0" encoding="UTF-8"?>
<!-- Generated by org.testng.reporters.JUnitXMLReporter -->
<testsuite ignored="0" hostname="apoorva2795-01" failures="0" tests="5" name="Practice Grouping" time="0.047" errors="0" timestamp="29 Oct 2018 10:29:28 GMT">
  <testcase classname="automationFramework.Grouping" name="Car1" time="0.011"/>
  <testcase classname="automationFramework.Grouping" name="Car2" time="0.002"/>
  <testcase classname="automationFramework.Grouping" name="Scoorter1" time="0.001"/>
  <testcase classname="automationFramework.Grouping" name="Scooter2" time="0.001"/>
  <testcase classname="automationFramework.Grouping" name="Sedan1" time="0.001"/>
</testsuite> <!-- Practice Grouping -->
