<?xml version="1.0" encoding="UTF-8"?>
<!-- Generated by org.testng.reporters.JUnitXMLReporter -->
<testsuite ignored="0" hostname="apoorva2795-01" failures="1" tests="2" name="ToolsQA" time="53.234" errors="0" timestamp="29 Oct 2018 07:29:51 GMT">
  <testcase classname="automationFramework.BrowserNavigation" name="@AfterTest AfterMethod" time="0.001">
    <failure type="java.lang.NullPointerException">
      <![CDATA[java.lang.NullPointerException
at automationFramework.BrowserNavigation.AfterMethod(BrowserNavigation.java:48)
... Removed 24 stack frames]]>
    </failure>
  </testcase> <!-- @AfterTest AfterMethod -->
  <testcase classname="automationFramework.TestNG" name="main" time="25.837"/>
  <testcase classname="automationFramework.BrowserNavigation" name="main" time="0.0">
    <failure type="org.testng.TestNGException" message="
Cannot inject @Test annotated Method [main] with [class [Ljava.lang.String;].
For more information on native dependency injection please refer to http://testng.org/doc/documentation-main.html#native-dependency-injection">
      <![CDATA[org.testng.TestNGException: 
Cannot inject @Test annotated Method [main] with [class [Ljava.lang.String;].
For more information on native dependency injection please refer to http://testng.org/doc/documentation-main.html#native-dependency-injection
... Removed 24 stack frames]]>
    </failure>
  </testcase> <!-- main -->
</testsuite> <!-- ToolsQA -->
